PCAD Importer Log
Project : alpha_diag.PrjPcb

Section : D:\V_meter\reproduction old_constr\source_files\zeebek_stand 48\schema 48\alpha_diag.sch
    Section : Parsing Messages
        Warning - 1 : Skipping Token gridDfns On Line 271
        Warning - 1 : Skipping Token refPointSize On Line 292
        Warning - 1 : Skipping Token infoPointSize On Line 293
        Warning - 1 : Skipping Token junctionSize On Line 294
        Warning - 1 : Skipping Token refPointSizePrint On Line 295
        Warning - 1 : Skipping Token infoPointSizePrint On Line 296
        Warning - 1 : Skipping Token junctionSizePrint On Line 297
        Warning - 1 : Skipping Token PrintRegion On Line 625
        Warning - 1 : Skipping Token schematicPrintSettings On Line 629
        Warning - 1 : Skipping Token ecoState On Line 644
        Warning - 1 : Skipping Token currentTextStyle On Line 645
        Warning - 1 : Skipping Token reportSettings On Line 648
    EndSection

    Section : Generating SCH Library - alpha_diag.SchLib
    EndSection

    Section : Generating SCH Sheet - Лист 1.SCHDOC
    EndSection

    Section : Analyzing SCH Sheet - Лист 1.SCHDOC
    EndSection
EndSection
